<?xml version="1.0" encoding="UTF-8"?>
<!-- Generated by org.testng.reporters.JUnitReportReporter -->
<testsuite hostname="DESKTOP-UUE2DNC" name="com.qa.tests.GetAPITest" tests="1" failures="0" timestamp="9 Oct 2018 08:03:07 GMT" time="709.567" errors="0">
  <testcase name="getAPITest" time="709.567" classname="com.qa.tests.GetAPITest"/>
</testsuite> <!-- com.qa.tests.GetAPITest -->
