<?xml version="1.0" encoding="UTF-8"?>
<!-- Generated by org.testng.reporters.JUnitReportReporter -->
<testsuite hostname="DESKTOP-UUE2DNC" name="com.qa.tests.GetAPITest" tests="2" failures="0" timestamp="14 Oct 2018 08:22:13 GMT" time="3.332" errors="0">
  <testcase name="getAPITestWithHeader" time="2.517" classname="com.qa.tests.GetAPITest"/>
  <testcase name="getAPITestWithoutHeader" time="0.815" classname="com.qa.tests.GetAPITest"/>
</testsuite> <!-- com.qa.tests.GetAPITest -->
