<?xml version="1.0" encoding="UTF-8"?>
<!-- Generated by org.testng.reporters.JUnitReportReporter -->
<testsuite hostname="DESKTOP-UUE2DNC" name="com.qa.tests.PostAPITest" tests="1" failures="0" timestamp="14 Oct 2018 15:01:31 GMT" time="3.716" errors="0">
  <testcase name="postAPITest" time="3.716" classname="com.qa.tests.PostAPITest"/>
</testsuite> <!-- com.qa.tests.PostAPITest -->
